2024-09-12 12:34:51 INFO  com.bankapp.db.Database - Transaction table created successfully.
2024-09-12 12:35:00 INFO  com.bankapp.operation.Deposit - Deposit of 20.0 successful.
2024-09-12 12:35:08 INFO  com.bankapp.account.Account - Date | Operation | Amount
2024-09-12 12:35:08 INFO  com.bankapp.account.Account - 2024-09-12 12:34:56.994063 | Deposit | 20.0
2024-09-12 12:35:22 ERROR com.bankapp.account.Account - Error saving transaction: L'objet est déjà fermé
The object is already closed [90007-200]
2024-09-12 12:35:22 INFO  com.bankapp.operation.Withdrawal - Withdrawal of 10.0 successful.
2024-09-12 12:44:02 INFO  com.bankapp.db.Database - Transaction table created successfully.
2024-09-12 12:51:06 INFO  com.bankapp.operation.Deposit - Deposit of 20.0 successful.
2024-09-12 12:51:14 INFO  com.bankapp.operation.Withdrawal - Withdrawal of 10.0 successful.
2024-09-12 12:51:19 INFO  com.bankapp.account.Account - Date | Operation | Amount
2024-09-12 12:51:19 INFO  com.bankapp.account.Account - 2024-09-12 12:51:02.147288 | Deposit | 20.0
2024-09-12 12:51:19 INFO  com.bankapp.account.Account - 2024-09-12 12:51:14.282072 | Withdrawal | 10.0
com.bankapp.db.Database INFO  2024-09-12 12:53:21 - Transaction table created successfully.
com.bankapp.operation.Deposit INFO  2024-09-12 12:53:28 - Deposit of 20.0 successful.
com.bankapp.account.Account INFO  2024-09-12 12:53:31 - Date | Operation | Amount
com.bankapp.account.Account INFO  2024-09-12 12:53:31 - 2024-09-12 12:53:27.991858 | Deposit | 20.0
com.bankapp.db.Database INFO  2024-09-12 12:54:16 - Transaction table created successfully.
com.bankapp.operation.Deposit INFO  2024-09-12 12:54:26 - Deposit of 20.0 successful.
com.bankapp.account.Account INFO  2024-09-12 12:54:28 - Date | Operation | Amount
com.bankapp.db.Database INFO  2024-09-12 12:55:18 - Transaction table created successfully.
com.bankapp.operation.Deposit INFO  2024-09-12 12:55:20 - Deposit of 22.0 successful.
com.bankapp.BankApp ERROR 2024-09-12 12:55:23 - Insufficient balance.
com.bankapp.operation.Withdrawal INFO  2024-09-12 12:55:29 - Withdrawal of 20.0 successful.
com.bankapp.db.Database INFO  2024-09-12 12:56:51 - Transaction table created successfully.
com.bankapp.operation.Deposit INFO  2024-09-12 12:56:58 - Deposit of 20.0 successful.
com.bankapp.operation.Withdrawal INFO  2024-09-12 12:57:16 - Withdrawal of 20.0 successful.
com.bankapp.db.Database INFO  2024-09-12 12:57:57 - Transaction table created successfully.
com.bankapp.operation.Deposit INFO  2024-09-12 12:58:00 - Deposit of 20.0 successful.
com.bankapp.operation.Withdrawal INFO  2024-09-12 12:58:03 - Withdrawal of 20.0 successful.
com.bankapp.db.Database INFO  2024-09-12 13:03:34 - Transaction table created successfully.
com.bankapp.operation.Deposit INFO  2024-09-12 13:03:36 - Deposit of 20.0 successful.
com.bankapp.operation.Withdrawal INFO  2024-09-12 13:03:42 - Withdrawal of 20.0 successful.
com.bankapp.db.Database INFO  2024-09-12 13:07:53 - Transaction table created successfully.
com.bankapp.operation.Deposit INFO  2024-09-12 13:07:57 - Deposit of 250.0 successful.
com.bankapp.db.Database INFO  2024-09-12 13:08:20 - Transaction table created successfully.
com.bankapp.operation.Deposit INFO  2024-09-12 13:08:24 - Deposit of 250.0 successful.
com.bankapp.operation.Withdrawal INFO  2024-09-12 13:08:30 - Withdrawal of 220.0 successful.
com.bankapp.db.Database INFO  2024-09-12 13:09:04 - Transaction table created successfully.
com.bankapp.operation.Deposit INFO  2024-09-12 13:09:08 - Deposit of 2255.0 successful.
com.bankapp.operation.Withdrawal INFO  2024-09-12 13:09:16 - Withdrawal of 1125.0 successful.
com.bankapp.db.Database INFO  2024-09-12 13:09:43 - Transaction table created successfully.
com.bankapp.operation.Deposit INFO  2024-09-12 13:09:43 - Deposit of 100.0 successful.
com.bankapp.db.Database INFO  2024-09-12 13:09:43 - Transaction table created successfully.
com.bankapp.db.Database INFO  2024-09-12 13:10:03 - Transaction table created successfully.
com.bankapp.db.Database INFO  2024-09-12 13:10:03 - Transaction table created successfully.
com.bankapp.db.Database INFO  2024-09-12 13:10:03 - Transaction table created successfully.
com.bankapp.operation.Withdrawal INFO  2024-09-12 13:10:03 - Withdrawal of 50.0 successful.
